TN:
SF:src/main.ts
FN:9,bootstrap
FN:59,(anonymous_2)
FNF:2
FNH:0
FNDA:0,bootstrap
FNDA:0,(anonymous_2)
DA:1,0
DA:2,0
DA:3,0
DA:4,0
DA:5,0
DA:7,0
DA:10,0
DA:13,0
DA:16,0
DA:17,0
DA:25,0
DA:37,0
DA:40,0
DA:55,0
DA:56,0
DA:59,0
DA:60,0
DA:63,0
DA:64,0
DA:65,0
DA:67,0
LF:21
LH:0
BRDA:16,0,0,0
BRDA:16,0,1,0
BRDA:63,1,0,0
BRDA:63,1,1,0
BRF:4
BRH:0
end_of_record
TN:
SF:src/prisma.service.ts
FN:6,(anonymous_1)
FN:10,(anonymous_2)
FNF:2
FNH:0
FNDA:0,(anonymous_1)
FNDA:0,(anonymous_2)
DA:1,11
DA:2,11
DA:5,11
DA:7,0
DA:11,0
LF:5
LH:3
BRF:0
BRH:0
end_of_record
TN:
SF:src/admin/admin.controller.ts
FN:10,(anonymous_4)
FN:13,(anonymous_5)
FN:18,(anonymous_6)
FN:23,(anonymous_7)
FN:28,(anonymous_8)
FN:33,(anonymous_9)
FN:38,(anonymous_10)
FN:43,(anonymous_11)
FNF:8
FNH:0
FNDA:0,(anonymous_4)
FNDA:0,(anonymous_5)
FNDA:0,(anonymous_6)
FNDA:0,(anonymous_7)
FNDA:0,(anonymous_8)
FNDA:0,(anonymous_9)
FNDA:0,(anonymous_10)
FNDA:0,(anonymous_11)
DA:1,0
DA:2,0
DA:3,0
DA:4,0
DA:9,0
DA:10,0
DA:13,0
DA:14,0
DA:18,0
DA:19,0
DA:23,0
DA:24,0
DA:28,0
DA:29,0
DA:33,0
DA:34,0
DA:38,0
DA:39,0
DA:43,0
DA:44,0
LF:20
LH:0
BRF:0
BRH:0
end_of_record
TN:
SF:src/admin/admin.service.ts
FN:26,(anonymous_2)
FN:33,(anonymous_3)
FN:61,(anonymous_4)
FN:84,(anonymous_5)
FN:102,(anonymous_6)
FN:128,(anonymous_7)
FN:139,(anonymous_8)
FN:151,(anonymous_9)
FN:211,(anonymous_10)
FNF:9
FNH:2
FNDA:5,(anonymous_2)
FNDA:0,(anonymous_3)
FNDA:0,(anonymous_4)
FNDA:0,(anonymous_5)
FNDA:0,(anonymous_6)
FNDA:0,(anonymous_7)
FNDA:0,(anonymous_8)
FNDA:4,(anonymous_9)
FNDA:0,(anonymous_10)
DA:1,1
DA:2,1
DA:3,1
DA:4,1
DA:5,1
DA:23,1
DA:24,5
DA:27,5
DA:28,5
DA:29,5
DA:30,5
DA:34,0
DA:35,0
DA:36,0
DA:39,0
DA:44,0
DA:49,0
DA:62,0
DA:64,0
DA:65,0
DA:68,0
DA:69,0
DA:75,0
DA:80,0
DA:85,0
DA:87,0
DA:88,0
DA:91,0
DA:92,0
DA:93,0
DA:98,0
DA:103,0
DA:105,0
DA:106,0
DA:109,0
DA:110,0
DA:112,0
DA:113,0
DA:118,0
DA:124,0
DA:129,0
DA:140,0
DA:152,4
DA:153,1
DA:156,3
DA:157,3
DA:158,3
DA:159,3
DA:161,3
DA:162,4
DA:164,4
DA:168,3
DA:170,1
DA:178,1
DA:181,2
DA:190,2
DA:192,3
DA:194,1
DA:195,1
DA:199,3
DA:206,0
DA:207,0
DA:212,0
DA:214,0
DA:216,0
LF:65
LH:29
BRDA:41,0,0,0
BRDA:41,0,1,0
BRDA:46,1,0,0
BRDA:46,1,1,0
BRDA:64,2,0,0
BRDA:64,2,1,0
BRDA:77,3,0,0
BRDA:77,3,1,0
BRDA:87,4,0,0
BRDA:87,4,1,0
BRDA:105,5,0,0
BRDA:105,5,1,0
BRDA:112,6,0,0
BRDA:112,6,1,0
BRDA:131,7,0,0
BRDA:131,7,1,0
BRDA:152,8,0,1
BRDA:152,8,1,3
BRDA:168,9,0,1
BRDA:168,9,1,2
BRF:20
BRH:4
end_of_record
TN:
SF:src/analytics/analytics.controller.ts
FN:13,(anonymous_4)
FN:20,(anonymous_5)
FN:28,(anonymous_6)
FN:36,(anonymous_7)
FN:45,(anonymous_8)
FN:53,(anonymous_9)
FNF:6
FNH:0
FNDA:0,(anonymous_4)
FNDA:0,(anonymous_5)
FNDA:0,(anonymous_6)
FNDA:0,(anonymous_7)
FNDA:0,(anonymous_8)
FNDA:0,(anonymous_9)
DA:5,0
DA:6,0
DA:7,0
DA:8,0
DA:12,0
DA:13,0
DA:20,0
DA:21,0
DA:28,0
DA:29,0
DA:36,0
DA:37,0
DA:45,0
DA:46,0
DA:53,0
DA:54,0
LF:16
LH:0
BRDA:37,0,0,0
BRDA:37,0,1,0
BRDA:46,1,0,0
BRDA:46,1,1,0
BRF:4
BRH:0
end_of_record
TN:
SF:src/analytics/analytics.service.ts
FN:12,(anonymous_2)
FN:17,(anonymous_3)
FN:50,(anonymous_4)
FN:69,(anonymous_5)
FN:75,(anonymous_6)
FN:76,(anonymous_7)
FN:80,(anonymous_8)
FN:87,(anonymous_9)
FN:106,(anonymous_10)
FN:122,(anonymous_11)
FN:133,(anonymous_12)
FN:162,(anonymous_13)
FN:167,(anonymous_14)
FN:173,(anonymous_15)
FNF:14
FNH:11
FNDA:4,(anonymous_2)
FNDA:1,(anonymous_3)
FNDA:2,(anonymous_4)
FNDA:1,(anonymous_5)
FNDA:3,(anonymous_6)
FNDA:3,(anonymous_7)
FNDA:3,(anonymous_8)
FNDA:3,(anonymous_9)
FNDA:1,(anonymous_10)
FNDA:2,(anonymous_11)
FNDA:0,(anonymous_12)
FNDA:0,(anonymous_13)
FNDA:0,(anonymous_14)
FNDA:1,(anonymous_15)
DA:7,1
DA:8,1
DA:11,1
DA:12,4
DA:18,1
DA:19,1
DA:22,1
DA:27,1
DA:32,1
DA:40,1
DA:48,1
DA:49,1
DA:50,1
DA:51,2
DA:52,2
DA:54,1
DA:57,1
DA:70,1
DA:75,3
DA:76,3
DA:78,1
DA:79,1
DA:80,1
DA:81,3
DA:82,3
DA:83,3
DA:85,0
DA:87,3
DA:88,1
DA:89,1
DA:93,1
DA:107,1
DA:122,2
DA:134,0
DA:135,0
DA:137,0
DA:149,0
DA:151,0
DA:152,0
DA:153,0
DA:154,0
DA:156,0
DA:157,0
DA:158,0
DA:161,0
DA:162,0
DA:167,0
DA:175,1
DA:180,1
DA:185,1
DA:193,1
DA:200,1
LF:52
LH:37
BRDA:49,0,0,1
BRDA:49,0,1,0
BRDA:79,1,0,1
BRDA:79,1,1,0
BRDA:81,2,0,3
BRDA:81,2,1,0
BRDA:88,3,0,1
BRDA:88,3,1,0
BRDA:99,4,0,1
BRDA:99,4,1,0
BRDA:106,5,0,0
BRDA:133,6,0,0
BRDA:153,7,0,0
BRDA:153,7,1,0
BRF:14
BRH:5
end_of_record
TN:
SF:src/approvals/approvals.controller.ts
FN:8,(anonymous_4)
FN:11,(anonymous_5)
FN:19,(anonymous_6)
FN:24,(anonymous_7)
FN:29,(anonymous_8)
FN:34,(anonymous_9)
FN:39,(anonymous_10)
FNF:7
FNH:0
FNDA:0,(anonymous_4)
FNDA:0,(anonymous_5)
FNDA:0,(anonymous_6)
FNDA:0,(anonymous_7)
FNDA:0,(anonymous_8)
FNDA:0,(anonymous_9)
FNDA:0,(anonymous_10)
DA:1,0
DA:2,0
DA:3,0
DA:7,0
DA:8,0
DA:11,0
DA:12,0
DA:13,0
DA:15,0
DA:19,0
DA:20,0
DA:24,0
DA:25,0
DA:29,0
DA:30,0
DA:34,0
DA:35,0
DA:39,0
DA:40,0
LF:19
LH:0
BRDA:12,0,0,0
BRDA:12,0,1,0
BRF:2
BRH:0
end_of_record
TN:
SF:src/approvals/approvals.service.ts
FN:6,(anonymous_2)
FN:8,(anonymous_3)
FN:15,(anonymous_4)
FN:30,(anonymous_5)
FN:46,(anonymous_6)
FN:54,(anonymous_7)
FN:62,(anonymous_8)
FN:70,(anonymous_9)
FNF:8
FNH:0
FNDA:0,(anonymous_2)
FNDA:0,(anonymous_3)
FNDA:0,(anonymous_4)
FNDA:0,(anonymous_5)
FNDA:0,(anonymous_6)
FNDA:0,(anonymous_7)
FNDA:0,(anonymous_8)
FNDA:0,(anonymous_9)
DA:1,0
DA:2,0
DA:5,0
DA:6,0
DA:9,0
DA:16,0
DA:31,0
DA:47,0
DA:55,0
DA:63,0
DA:71,0
LF:11
LH:0
BRF:0
BRH:0
end_of_record
TN:
SF:src/auth/auth.controller.ts
FN:8,(anonymous_4)
FN:14,(anonymous_5)
FN:21,(anonymous_6)
FNF:3
FNH:0
FNDA:0,(anonymous_4)
FNDA:0,(anonymous_5)
FNDA:0,(anonymous_6)
DA:1,0
DA:2,0
DA:3,0
DA:4,0
DA:7,0
DA:8,0
DA:14,0
DA:15,0
DA:21,0
DA:22,0
LF:10
LH:0
BRF:0
BRH:0
end_of_record
TN:
SF:src/auth/auth.service.ts
FN:8,(anonymous_11)
FN:13,(anonymous_12)
FN:21,(anonymous_13)
FN:39,(anonymous_14)
FNF:4
FNH:0
FNDA:0,(anonymous_11)
FNDA:0,(anonymous_12)
FNDA:0,(anonymous_13)
FNDA:0,(anonymous_14)
DA:1,0
DA:2,0
DA:3,0
DA:4,0
DA:7,0
DA:9,0
DA:10,0
DA:14,0
DA:15,0
DA:16,0
DA:18,0
DA:22,0
DA:23,0
DA:24,0
DA:27,0
DA:28,0
DA:40,0
DA:41,0
LF:18
LH:0
BRDA:15,0,0,0
BRDA:15,0,1,0
BRDA:15,1,0,0
BRDA:15,1,1,0
BRDA:23,2,0,0
BRDA:23,2,1,0
BRF:6
BRH:0
end_of_record
TN:
SF:src/auth/jwt.strategy.ts
FN:7,(anonymous_2)
FN:15,(anonymous_3)
FNF:2
FNH:0
FNDA:0,(anonymous_2)
FNDA:0,(anonymous_3)
DA:1,0
DA:2,0
DA:3,0
DA:6,0
DA:8,0
DA:16,0
LF:6
LH:0
BRDA:11,0,0,0
BRDA:11,0,1,0
BRF:2
BRH:0
end_of_record
TN:
SF:src/auth/dto/register.dto.ts
FNF:0
FNH:0
DA:1,0
DA:3,0
DA:5,0
DA:13,0
DA:18,0
LF:5
LH:0
BRF:0
BRH:0
end_of_record
TN:
SF:src/auth/guards/jwt-auth.guard.ts
FNF:0
FNH:0
DA:1,0
DA:2,0
DA:5,0
LF:3
LH:0
BRF:0
BRH:0
end_of_record
TN:
SF:src/comments/comments.controller.ts
FN:9,(anonymous_4)
FN:12,(anonymous_5)
FN:17,(anonymous_6)
FN:31,(anonymous_7)
FNF:4
FNH:0
FNDA:0,(anonymous_4)
FNDA:0,(anonymous_5)
FNDA:0,(anonymous_6)
FNDA:0,(anonymous_7)
DA:1,0
DA:2,0
DA:3,0
DA:4,0
DA:8,0
DA:9,0
DA:12,0
DA:13,0
DA:17,0
DA:22,0
DA:31,0
DA:35,0
LF:12
LH:0
BRF:0
BRH:0
end_of_record
TN:
SF:src/comments/comments.service.ts
FN:7,(anonymous_2)
FN:16,(anonymous_3)
FN:30,(anonymous_4)
FN:38,(anonymous_5)
FN:56,(anonymous_6)
FN:57,(anonymous_7)
FN:64,(anonymous_8)
FN:66,(anonymous_9)
FN:73,(anonymous_10)
FN:73,(anonymous_11)
FN:78,(anonymous_12)
FN:80,(anonymous_13)
FN:87,(anonymous_14)
FN:99,(anonymous_15)
FN:106,(anonymous_16)
FN:147,(anonymous_17)
FN:155,(anonymous_18)
FN:162,(anonymous_19)
FNF:18
FNH:0
FNDA:0,(anonymous_2)
FNDA:0,(anonymous_3)
FNDA:0,(anonymous_4)
FNDA:0,(anonymous_5)
FNDA:0,(anonymous_6)
FNDA:0,(anonymous_7)
FNDA:0,(anonymous_8)
FNDA:0,(anonymous_9)
FNDA:0,(anonymous_10)
FNDA:0,(anonymous_11)
FNDA:0,(anonymous_12)
FNDA:0,(anonymous_13)
FNDA:0,(anonymous_14)
FNDA:0,(anonymous_15)
FNDA:0,(anonymous_16)
FNDA:0,(anonymous_17)
FNDA:0,(anonymous_18)
FNDA:0,(anonymous_19)
DA:1,0
DA:2,0
DA:3,0
DA:6,0
DA:8,0
DA:9,0
DA:17,0
DA:18,0
DA:19,0
DA:20,0
DA:21,0
DA:23,0
DA:32,0
DA:38,0
DA:39,0
DA:47,0
DA:48,0
DA:49,0
DA:50,0
DA:51,0
DA:55,0
DA:56,0
DA:57,0
DA:58,0
DA:60,0
DA:64,0
DA:66,0
DA:67,0
DA:68,0
DA:73,0
DA:78,0
DA:80,0
DA:94,0
DA:97,0
DA:99,0
DA:106,0
DA:109,0
DA:120,0
DA:125,0
DA:130,0
DA:131,0
DA:132,0
DA:142,0
DA:147,0
DA:156,0
DA:163,0
DA:164,0
DA:165,0
DA:166,0
LF:49
LH:0
BRDA:39,0,0,0
BRDA:39,0,1,0
BRDA:49,1,0,0
BRDA:49,1,1,0
BRDA:57,2,0,0
BRDA:57,2,1,0
BRDA:67,3,0,0
BRDA:67,3,1,0
BRDA:72,4,0,0
BRDA:72,4,1,0
BRDA:80,5,0,0
BRDA:80,5,1,0
BRDA:114,6,0,0
BRDA:114,6,1,0
BRDA:131,7,0,0
BRDA:131,7,1,0
BRDA:136,8,0,0
BRDA:136,8,1,0
BRDA:136,9,0,0
BRDA:136,9,1,0
BRDA:164,10,0,0
BRDA:164,10,1,0
BRDA:165,11,0,0
BRDA:165,11,1,0
BRF:24
BRH:0
end_of_record
TN:
SF:src/common/decorators/current-user.decorator.ts
FN:4,(anonymous_0)
FNF:1
FNH:0
FNDA:0,(anonymous_0)
DA:1,0
DA:3,0
DA:5,0
DA:6,0
DA:8,0
DA:9,0
DA:12,0
LF:7
LH:0
BRDA:8,0,0,0
BRDA:8,0,1,0
BRDA:12,1,0,0
BRDA:12,1,1,0
BRF:4
BRH:0
end_of_record
TN:
SF:src/common/exceptions/business.exceptions.ts
FN:13,(anonymous_0)
FN:31,(anonymous_1)
FN:47,(anonymous_2)
FN:62,(anonymous_3)
FN:77,(anonymous_4)
FNF:5
FNH:0
FNDA:0,(anonymous_0)
FNDA:0,(anonymous_1)
FNDA:0,(anonymous_2)
FNDA:0,(anonymous_3)
FNDA:0,(anonymous_4)
DA:7,0
DA:12,0
DA:14,0
DA:17,0
DA:30,0
DA:32,0
DA:46,0
DA:48,0
DA:61,0
DA:63,0
DA:76,0
DA:78,0
LF:12
LH:0
BRDA:14,0,0,0
BRDA:14,0,1,0
BRDA:47,1,0,0
BRF:3
BRH:0
end_of_record
TN:
SF:src/common/filters/http-exception.filter.ts
FN:28,(anonymous_1)
FN:31,(anonymous_2)
FN:108,(anonymous_3)
FN:109,(anonymous_4)
FN:128,(anonymous_5)
FNF:5
FNH:5
FNDA:4,(anonymous_1)
FNDA:4,(anonymous_2)
FNDA:1,(anonymous_3)
FNDA:2,(anonymous_4)
FNDA:3,(anonymous_5)
DA:8,1
DA:28,1
DA:29,4
DA:32,4
DA:33,4
DA:34,4
DA:39,4
DA:40,3
DA:41,3
DA:43,3
DA:44,1
DA:47,1
DA:48,1
DA:49,1
DA:56,0
DA:63,2
DA:71,3
DA:72,3
DA:77,0
DA:84,1
DA:85,1
DA:92,1
DA:98,4
DA:109,1
DA:111,2
DA:112,2
DA:113,2
DA:118,0
DA:129,3
DA:142,3
LF:30
LH:27
BRDA:39,0,0,3
BRDA:39,0,1,1
BRDA:43,1,0,1
BRDA:43,1,1,2
BRDA:43,2,0,3
BRDA:43,2,1,1
BRDA:47,3,0,1
BRDA:47,3,1,0
BRDA:58,4,0,0
BRDA:58,4,1,0
BRDA:59,5,0,0
BRDA:59,5,1,0
BRDA:71,6,0,3
BRDA:71,6,1,0
BRDA:71,7,0,3
BRDA:71,7,1,3
BRDA:79,8,0,0
BRDA:79,8,1,0
BRDA:94,9,0,1
BRDA:94,9,1,0
BRDA:112,10,0,2
BRDA:112,10,1,0
BRDA:142,11,0,3
BRDA:142,11,1,0
BRF:24
BRH:13
end_of_record
TN:
SF:src/common/filters/throttler-exception.filter.ts
FN:13,(anonymous_1)
FNF:1
FNH:0
FNDA:0,(anonymous_1)
DA:1,0
DA:9,0
DA:12,0
DA:14,0
DA:15,0
DA:17,0
LF:6
LH:0
BRF:0
BRH:0
end_of_record
TN:
SF:src/common/guards/ownership.guard.ts
FN:5,(anonymous_2)
FN:5,(anonymous_3)
FN:16,(anonymous_4)
FN:18,(anonymous_5)
FNF:4
FNH:0
FNDA:0,(anonymous_2)
FNDA:0,(anonymous_3)
FNDA:0,(anonymous_4)
FNDA:0,(anonymous_5)
DA:1,0
DA:2,0
DA:4,0
DA:5,0
DA:6,0
DA:7,0
DA:9,0
DA:11,0
DA:15,0
DA:16,0
DA:19,0
DA:24,0
DA:25,0
DA:28,0
DA:29,0
DA:30,0
DA:32,0
DA:33,0
DA:37,0
DA:38,0
DA:39,0
DA:40,0
DA:41,0
DA:45,0
LF:24
LH:0
BRDA:6,0,0,0
BRDA:6,0,1,0
BRDA:11,1,0,0
BRDA:11,1,1,0
BRDA:24,2,0,0
BRDA:24,2,1,0
BRDA:32,3,0,0
BRDA:32,3,1,0
BRDA:32,4,0,0
BRDA:32,4,1,0
BRDA:38,5,0,0
BRDA:38,5,1,0
BRDA:40,6,0,0
BRDA:40,6,1,0
BRDA:40,7,0,0
BRDA:40,7,1,0
BRDA:40,7,2,0
BRF:17
BRH:0
end_of_record
TN:
SF:src/common/guards/roles.guard.ts
FN:4,(anonymous_2)
FN:11,(anonymous_3)
FN:11,(anonymous_4)
FN:22,(anonymous_5)
FN:24,(anonymous_6)
FN:40,(anonymous_7)
FNF:6
FNH:0
FNDA:0,(anonymous_2)
FNDA:0,(anonymous_3)
FNDA:0,(anonymous_4)
FNDA:0,(anonymous_5)
FNDA:0,(anonymous_6)
FNDA:0,(anonymous_7)
DA:1,0
DA:2,0
DA:4,0
DA:5,0
DA:6,0
DA:7,0
DA:10,0
DA:11,0
DA:12,0
DA:13,0
DA:15,0
DA:17,0
DA:21,0
DA:22,0
DA:25,0
DA:30,0
DA:31,0
DA:34,0
DA:36,0
DA:37,0
DA:40,0
DA:42,0
DA:43,0
DA:46,0
LF:24
LH:0
BRDA:4,0,0,0
BRDA:4,0,1,0
BRDA:12,1,0,0
BRDA:12,1,1,0
BRDA:17,2,0,0
BRDA:17,2,1,0
BRDA:30,3,0,0
BRDA:30,3,1,0
BRDA:36,4,0,0
BRDA:36,4,1,0
BRDA:42,5,0,0
BRDA:42,5,1,0
BRF:12
BRH:0
end_of_record
TN:
SF:src/common/logging/http-logging.middleware.ts
FN:11,(anonymous_2)
FN:13,(anonymous_3)
FN:22,(anonymous_4)
FNF:3
FNH:0
FNDA:0,(anonymous_2)
FNDA:0,(anonymous_3)
FNDA:0,(anonymous_4)
DA:5,0
DA:7,0
DA:10,0
DA:11,0
DA:14,0
DA:15,0
DA:18,0
DA:19,0
DA:22,0
DA:23,0
DA:24,0
DA:27,0
DA:29,0
DA:37,0
LF:14
LH:0
BRDA:18,0,0,0
BRDA:18,0,1,0
BRF:2
BRH:0
end_of_record
TN:
SF:src/common/logging/logging.service.ts
FN:16,(anonymous_11)
FN:24,(anonymous_12)
FN:41,(anonymous_13)
FN:84,(anonymous_14)
FN:89,(anonymous_15)
FN:93,(anonymous_16)
FN:97,(anonymous_17)
FN:101,(anonymous_18)
FN:105,(anonymous_19)
FN:109,(anonymous_20)
FN:114,(anonymous_21)
FN:123,(anonymous_22)
FN:131,(anonymous_23)
FNF:13
FNH:11
FNDA:11,(anonymous_11)
FNDA:10,(anonymous_12)
FNDA:0,(anonymous_13)
FNDA:2,(anonymous_14)
FNDA:1,(anonymous_15)
FNDA:2,(anonymous_16)
FNDA:1,(anonymous_17)
FNDA:1,(anonymous_18)
FNDA:1,(anonymous_19)
FNDA:0,(anonymous_20)
FNDA:2,(anonymous_21)
FNDA:1,(anonymous_22)
FNDA:1,(anonymous_23)
DA:5,1
DA:6,1
DA:9,1
DA:12,1
DA:17,11
DA:18,11
DA:21,11
DA:25,10
DA:38,11
DA:42,0
DA:43,0
DA:44,0
DA:46,0
DA:50,11
DA:85,2
DA:86,2
DA:90,1
DA:94,2
DA:98,1
DA:102,1
DA:106,1
DA:110,0
DA:115,2
DA:116,2
DA:124,1
DA:132,1
LF:26
LH:21
BRDA:17,0,0,11
BRDA:17,0,1,0
BRDA:18,1,0,11
BRDA:18,1,1,0
BRDA:28,2,0,10
BRDA:28,2,1,5
BRDA:42,3,0,0
BRDA:42,3,1,0
BRDA:43,4,0,0
BRDA:43,4,1,0
BRDA:43,5,0,0
BRDA:43,5,1,0
BRDA:57,6,0,0
BRDA:57,6,1,11
BRDA:115,7,0,1
BRDA:115,7,1,1
BRF:16
BRH:7
end_of_record
TN:
SF:src/common/utils/workflow-engine.ts
FN:7,evaluateCondition
FN:36,getNextNode
FN:40,(anonymous_2)
FN:44,parseWorkflow
FN:58,findNodeById
FN:59,(anonymous_5)
FN:62,getStartNode
FN:63,(anonymous_7)
FN:66,getEndNodes
FN:67,(anonymous_9)
FN:70,validateWorkflowStructure
FN:77,(anonymous_11)
FN:82,(anonymous_12)
FN:87,(anonymous_13)
FN:88,(anonymous_14)
FNF:15
FNH:4
FNDA:9,evaluateCondition
FNDA:2,getNextNode
FNDA:2,(anonymous_2)
FNDA:2,parseWorkflow
FNDA:0,findNodeById
FNDA:0,(anonymous_5)
FNDA:0,getStartNode
FNDA:0,(anonymous_7)
FNDA:0,getEndNodes
FNDA:0,(anonymous_9)
FNDA:0,validateWorkflowStructure
FNDA:0,(anonymous_11)
FNDA:0,(anonymous_12)
FNDA:0,(anonymous_13)
FNDA:0,(anonymous_14)
DA:7,1
DA:12,9
DA:14,2
DA:16,2
DA:18,2
DA:20,2
DA:22,1
DA:24,0
DA:26,0
DA:28,0
DA:30,0
DA:32,0
DA:36,1
DA:40,2
DA:41,2
DA:44,1
DA:48,2
DA:51,1
DA:55,1
DA:58,1
DA:59,0
DA:62,1
DA:63,0
DA:66,1
DA:67,0
DA:70,1
DA:74,0
DA:77,0
DA:78,0
DA:82,0
DA:83,0
DA:87,0
DA:88,0
DA:89,0
DA:90,0
DA:92,0
DA:93,0
DA:97,0
LF:38
LH:18
BRDA:12,0,0,2
BRDA:12,0,1,2
BRDA:12,0,2,2
BRDA:12,0,3,2
BRDA:12,0,4,1
BRDA:12,0,5,0
BRDA:12,0,6,0
BRDA:12,0,7,0
BRDA:12,0,8,0
BRDA:12,0,9,0
BRDA:28,1,0,0
BRDA:28,1,1,0
BRDA:28,1,2,0
BRDA:30,2,0,0
BRDA:30,2,1,0
BRDA:30,2,2,0
BRDA:41,3,0,2
BRDA:41,3,1,1
BRDA:48,4,0,2
BRDA:48,4,1,0
BRDA:51,5,0,1
BRDA:51,5,1,0
BRDA:77,6,0,0
BRDA:77,6,1,0
BRDA:82,7,0,0
BRDA:82,7,1,0
BRDA:89,8,0,0
BRDA:89,8,1,0
BRDA:92,9,0,0
BRDA:92,9,1,0
BRF:30
BRH:9
end_of_record
TN:
SF:src/config/configuration.ts
FN:29,(anonymous_1)
FN:33,(anonymous_2)
FN:46,(anonymous_3)
FN:58,(anonymous_4)
FN:67,(anonymous_5)
FN:71,(anonymous_6)
FN:75,(anonymous_7)
FNF:7
FNH:0
FNDA:0,(anonymous_1)
FNDA:0,(anonymous_2)
FNDA:0,(anonymous_3)
FNDA:0,(anonymous_4)
FNDA:0,(anonymous_5)
FNDA:0,(anonymous_6)
FNDA:0,(anonymous_7)
DA:1,1
DA:29,1
DA:30,0
DA:34,0
DA:47,0
DA:59,0
DA:68,0
DA:72,0
DA:76,0
LF:9
LH:2
BRDA:35,0,0,0
BRDA:35,0,1,0
BRDA:36,1,0,0
BRDA:36,1,1,0
BRDA:38,2,0,0
BRDA:38,2,1,0
BRDA:39,3,0,0
BRDA:39,3,1,0
BRDA:40,4,0,0
BRDA:40,4,1,0
BRDA:48,5,0,0
BRDA:48,5,1,0
BRDA:49,6,0,0
BRDA:49,6,1,0
BRDA:50,7,0,0
BRDA:50,7,1,0
BRDA:51,8,0,0
BRDA:51,8,1,0
BRDA:52,9,0,0
BRDA:52,9,1,0
BRDA:60,10,0,0
BRDA:60,10,1,0
BRDA:61,11,0,0
BRDA:61,11,1,0
BRDA:62,12,0,0
BRDA:62,12,1,0
BRF:26
BRH:0
end_of_record
TN:
SF:src/config/ldap.service.ts
FN:17,(anonymous_11)
FN:19,(anonymous_12)
FN:27,(anonymous_13)
FN:34,(anonymous_14)
FN:40,(anonymous_15)
FN:56,(anonymous_16)
FN:66,(anonymous_17)
FN:70,(anonymous_18)
FN:76,(anonymous_19)
FN:86,(anonymous_20)
FN:113,(anonymous_21)
FN:120,(anonymous_22)
FN:126,(anonymous_23)
FN:131,(anonymous_24)
FN:143,(anonymous_25)
FN:152,(anonymous_26)
FN:156,(anonymous_27)
FN:175,(anonymous_28)
FN:182,(anonymous_29)
FN:188,(anonymous_30)
FN:199,(anonymous_31)
FN:208,(anonymous_32)
FN:218,(anonymous_33)
FN:228,(anonymous_34)
FN:238,(anonymous_35)
FNF:25
FNH:0
FNDA:0,(anonymous_11)
FNDA:0,(anonymous_12)
FNDA:0,(anonymous_13)
FNDA:0,(anonymous_14)
FNDA:0,(anonymous_15)
FNDA:0,(anonymous_16)
FNDA:0,(anonymous_17)
FNDA:0,(anonymous_18)
FNDA:0,(anonymous_19)
FNDA:0,(anonymous_20)
FNDA:0,(anonymous_21)
FNDA:0,(anonymous_22)
FNDA:0,(anonymous_23)
FNDA:0,(anonymous_24)
FNDA:0,(anonymous_25)
FNDA:0,(anonymous_26)
FNDA:0,(anonymous_27)
FNDA:0,(anonymous_28)
FNDA:0,(anonymous_29)
FNDA:0,(anonymous_30)
FNDA:0,(anonymous_31)
FNDA:0,(anonymous_32)
FNDA:0,(anonymous_33)
FNDA:0,(anonymous_34)
FNDA:0,(anonymous_35)
DA:1,1
DA:2,1
DA:3,1
DA:14,1
DA:15,0
DA:17,0
DA:20,0
DA:22,0
DA:23,0
DA:24,0
DA:27,0
DA:28,0
DA:34,0
DA:35,0
DA:36,0
DA:40,0
DA:41,0
DA:42,0
DA:43,0
DA:44,0
DA:45,0
DA:49,0
DA:50,0
DA:56,0
DA:57,0
DA:58,0
DA:59,0
DA:60,0
DA:61,0
DA:64,0
DA:66,0
DA:67,0
DA:70,0
DA:71,0
DA:72,0
DA:73,0
DA:76,0
DA:77,0
DA:78,0
DA:79,0
DA:80,0
DA:81,0
DA:85,0
DA:86,0
DA:87,0
DA:88,0
DA:89,0
DA:90,0
DA:91,0
DA:95,0
DA:103,0
DA:104,0
DA:105,0
DA:114,0
DA:116,0
DA:117,0
DA:120,0
DA:121,0
DA:126,0
DA:127,0
DA:128,0
DA:131,0
DA:132,0
DA:133,0
DA:134,0
DA:135,0
DA:138,0
DA:139,0
DA:144,0
DA:145,0
DA:146,0
DA:147,0
DA:150,0
DA:152,0
DA:153,0
DA:156,0
DA:157,0
DA:158,0
DA:160,0
DA:168,0
DA:176,0
DA:178,0
DA:179,0
DA:182,0
DA:183,0
DA:188,0
DA:189,0
DA:190,0
DA:191,0
DA:192,0
DA:195,0
DA:200,0
DA:201,0
DA:202,0
DA:203,0
DA:206,0
DA:208,0
DA:209,0
DA:218,0
DA:219,0
DA:220,0
DA:221,0
DA:229,0
DA:230,0
DA:231,0
DA:232,0
DA:235,0
DA:239,0
DA:240,0
DA:241,0
DA:242,0
DA:245,0
LF:112
LH:4
BRDA:22,0,0,0
BRDA:22,0,1,0
BRDA:41,1,0,0
BRDA:41,1,1,0
BRDA:57,2,0,0
BRDA:57,2,1,0
BRDA:77,3,0,0
BRDA:77,3,1,0
BRDA:87,4,0,0
BRDA:87,4,1,0
BRDA:97,5,0,0
BRDA:97,5,1,0
BRDA:98,6,0,0
BRDA:98,6,1,0
BRDA:99,7,0,0
BRDA:99,7,1,0
BRDA:116,8,0,0
BRDA:116,8,1,0
BRDA:132,9,0,0
BRDA:132,9,1,0
BRDA:144,10,0,0
BRDA:144,10,1,0
BRDA:157,11,0,0
BRDA:157,11,1,0
BRDA:162,12,0,0
BRDA:162,12,1,0
BRDA:163,13,0,0
BRDA:163,13,1,0
BRDA:164,14,0,0
BRDA:164,14,1,0
BRDA:178,15,0,0
BRDA:178,15,1,0
BRDA:189,16,0,0
BRDA:189,16,1,0
BRDA:200,17,0,0
BRDA:200,17,1,0
BRDA:211,18,0,0
BRDA:211,18,1,0
BRDA:212,19,0,0
BRDA:212,19,1,0
BRDA:213,20,0,0
BRDA:213,20,1,0
BRDA:229,21,0,0
BRDA:229,21,1,0
BRDA:231,22,0,0
BRDA:231,22,1,0
BRDA:231,23,0,0
BRDA:231,23,1,0
BRDA:231,23,2,0
BRDA:239,24,0,0
BRDA:239,24,1,0
BRDA:241,25,0,0
BRDA:241,25,1,0
BRDA:241,26,0,0
BRDA:241,26,1,0
BRF:55
BRH:0
end_of_record
TN:
SF:src/delegations/delegations.controller.ts
FN:13,(anonymous_4)
FN:19,(anonymous_5)
FN:35,(anonymous_6)
FN:43,(anonymous_7)
FN:51,(anonymous_8)
FN:59,(anonymous_9)
FN:70,(anonymous_10)
FN:87,(anonymous_11)
FNF:8
FNH:0
FNDA:0,(anonymous_4)
FNDA:0,(anonymous_5)
FNDA:0,(anonymous_6)
FNDA:0,(anonymous_7)
FNDA:0,(anonymous_8)
FNDA:0,(anonymous_9)
FNDA:0,(anonymous_10)
FNDA:0,(anonymous_11)
DA:5,0
DA:6,0
DA:7,0
DA:8,0
DA:12,0
DA:13,0
DA:19,0
DA:23,0
DA:35,0
DA:36,0
DA:43,0
DA:44,0
DA:51,0
DA:52,0
DA:59,0
DA:63,0
DA:70,0
DA:75,0
DA:87,0
DA:88,0
LF:20
LH:0
BRDA:77,0,0,0
BRDA:77,0,1,0
BRDA:78,1,0,0
BRDA:78,1,1,0
BRF:4
BRH:0
end_of_record
TN:
SF:src/delegations/delegations.service.ts
FN:26,(anonymous_2)
FN:31,(anonymous_3)
FN:52,(anonymous_4)
FN:67,(anonymous_5)
FN:87,(anonymous_6)
FN:110,(anonymous_7)
FN:125,(anonymous_8)
FN:144,(anonymous_9)
FN:160,(anonymous_10)
FN:168,(anonymous_11)
FNF:10
FNH:6
FNDA:8,(anonymous_2)
FNDA:1,(anonymous_3)
FNDA:1,(anonymous_4)
FNDA:1,(anonymous_5)
FNDA:3,(anonymous_6)
FNDA:0,(anonymous_7)
FNDA:0,(anonymous_8)
FNDA:2,(anonymous_9)
FNDA:0,(anonymous_10)
FNDA:0,(anonymous_11)
DA:7,1
DA:8,1
DA:25,1
DA:26,8
DA:32,1
DA:53,1
DA:68,1
DA:89,3
DA:90,1
DA:94,2
DA:104,2
DA:111,0
DA:127,0
DA:131,0
DA:132,0
DA:135,0
DA:146,2
DA:150,2
DA:151,1
DA:154,1
DA:162,0
DA:164,0
DA:165,0
DA:168,0
DA:171,0
LF:25
LH:15
BRDA:89,0,0,1
BRDA:89,0,1,2
BRDA:131,1,0,0
BRDA:131,1,1,0
BRDA:150,2,0,1
BRDA:150,2,1,1
BRDA:164,3,0,0
BRDA:164,3,1,0
BRF:8
BRH:4
end_of_record
TN:
SF:src/escalations/escalations.controller.ts
FN:14,(anonymous_4)
FN:20,(anonymous_5)
FN:35,(anonymous_6)
FN:43,(anonymous_7)
FN:51,(anonymous_8)
FN:59,(anonymous_9)
FN:77,(anonymous_10)
FNF:7
FNH:0
FNDA:0,(anonymous_4)
FNDA:0,(anonymous_5)
FNDA:0,(anonymous_6)
FNDA:0,(anonymous_7)
FNDA:0,(anonymous_8)
FNDA:0,(anonymous_9)
FNDA:0,(anonymous_10)
DA:5,0
DA:6,0
DA:7,0
DA:8,0
DA:13,0
DA:14,0
DA:20,0
DA:28,0
DA:35,0
DA:36,0
DA:43,0
DA:44,0
DA:51,0
DA:52,0
DA:59,0
DA:70,0
DA:77,0
DA:78,0
LF:18
LH:0
BRF:0
BRH:0
end_of_record
TN:
SF:src/escalations/escalations.service.ts
FN:37,(anonymous_2)
FN:42,(anonymous_3)
FN:59,(anonymous_4)
FN:69,(anonymous_5)
FN:78,(anonymous_6)
FN:85,(anonymous_7)
FN:95,(anonymous_8)
FN:102,(anonymous_9)
FN:201,(anonymous_10)
FN:217,(anonymous_11)
FN:227,(anonymous_12)
FN:244,(anonymous_13)
FN:263,(anonymous_14)
FNF:13
FNH:6
FNDA:8,(anonymous_2)
FNDA:1,(anonymous_3)
FNDA:1,(anonymous_4)
FNDA:0,(anonymous_5)
FNDA:0,(anonymous_6)
FNDA:0,(anonymous_7)
FNDA:0,(anonymous_8)
FNDA:4,(anonymous_9)
FNDA:3,(anonymous_10)
FNDA:0,(anonymous_11)
FNDA:1,(anonymous_12)
FNDA:0,(anonymous_13)
FNDA:0,(anonymous_14)
DA:7,1
DA:8,1
DA:36,1
DA:37,8
DA:43,1
DA:60,1
DA:70,0
DA:79,0
DA:86,0
DA:96,0
DA:104,4
DA:113,4
DA:114,1
DA:117,3
DA:118,1
DA:122,2
DA:134,2
DA:135,0
DA:139,2
DA:140,2
DA:141,2
DA:143,2
DA:144,1
DA:148,1
DA:151,1
DA:152,1
DA:153,0
DA:157,1
DA:169,1
DA:175,1
DA:190,1
DA:202,3
DA:207,3
DA:208,2
DA:211,1
DA:218,0
DA:228,1
DA:230,1
DA:232,0
DA:234,0
DA:236,0
DA:245,0
DA:249,0
DA:258,0
DA:259,0
DA:261,0
DA:262,0
DA:263,0
DA:266,0
DA:268,0
DA:269,0
DA:271,0
DA:272,0
DA:273,0
DA:275,0
DA:276,0
DA:281,0
LF:57
LH:31
BRDA:113,0,0,1
BRDA:113,0,1,3
BRDA:117,1,0,1
BRDA:117,1,1,2
BRDA:134,2,0,0
BRDA:134,2,1,2
BRDA:143,3,0,1
BRDA:143,3,1,1
BRDA:152,4,0,0
BRDA:152,4,1,1
BRDA:207,5,0,2
BRDA:207,5,1,1
BRDA:228,6,0,1
BRDA:228,6,1,0
BRDA:228,6,2,0
BRDA:228,6,3,0
BRDA:263,7,0,0
BRDA:263,7,1,0
BRDA:266,8,0,0
BRDA:266,8,1,0
BRDA:271,9,0,0
BRDA:271,9,1,0
BRDA:275,10,0,0
BRDA:275,10,1,0
BRF:24
BRH:11
end_of_record
TN:
SF:src/form-templates/form-templates.controller.ts
FN:11,(anonymous_4)
FN:14,(anonymous_5)
FN:19,(anonymous_6)
FN:24,(anonymous_7)
FN:30,(anonymous_8)
FN:36,(anonymous_9)
FN:42,(anonymous_10)
FN:48,(anonymous_11)
FNF:8
FNH:0
FNDA:0,(anonymous_4)
FNDA:0,(anonymous_5)
FNDA:0,(anonymous_6)
FNDA:0,(anonymous_7)
FNDA:0,(anonymous_8)
FNDA:0,(anonymous_9)
FNDA:0,(anonymous_10)
FNDA:0,(anonymous_11)
DA:5,0
DA:6,0
DA:7,0
DA:10,0
DA:11,0
DA:14,0
DA:15,0
DA:19,0
DA:20,0
DA:24,0
DA:25,0
DA:30,0
DA:31,0
DA:36,0
DA:37,0
DA:42,0
DA:43,0
DA:48,0
DA:49,0
LF:19
LH:0
BRF:0
BRH:0
end_of_record
TN:
SF:src/form-templates/form-templates.service.ts
FN:24,(anonymous_2)
FN:26,(anonymous_3)
FN:33,(anonymous_4)
FN:37,(anonymous_5)
FN:43,(anonymous_6)
FN:56,(anonymous_7)
FN:67,(anonymous_8)
FN:76,(anonymous_9)
FN:94,(anonymous_10)
FNF:9
FNH:7
FNDA:9,(anonymous_2)
FNDA:1,(anonymous_3)
FNDA:1,(anonymous_4)
FNDA:0,(anonymous_5)
FNDA:1,(anonymous_6)
FNDA:0,(anonymous_7)
FNDA:2,(anonymous_8)
FNDA:2,(anonymous_9)
FNDA:2,(anonymous_10)
DA:5,1
DA:6,1
DA:23,1
DA:24,9
DA:27,1
DA:34,1
DA:38,0
DA:44,1
DA:57,0
DA:58,0
DA:59,0
DA:61,0
DA:69,2
DA:70,2
DA:71,1
DA:73,1
DA:77,2
DA:78,2
DA:79,1
DA:82,1
DA:95,2
DA:99,2
DA:100,1
DA:103,1
DA:153,1
DA:154,4
LF:26
LH:21
BRDA:49,0,0,1
BRDA:49,0,1,0
BRDA:58,1,0,0
BRDA:58,1,1,0
BRDA:70,2,0,1
BRDA:70,2,1,1
BRDA:78,3,0,1
BRDA:78,3,1,1
BRDA:99,4,0,1
BRDA:99,4,1,1
BRF:10
BRH:7
end_of_record
TN:
SF:src/forms/forms.controller.ts
FN:10,(anonymous_4)
FN:13,(anonymous_5)
FN:21,(anonymous_6)
FN:32,(anonymous_7)
FN:43,(anonymous_8)
FN:61,(anonymous_9)
FN:72,(anonymous_10)
FN:89,(anonymous_11)
FN:98,(anonymous_12)
FN:109,(anonymous_13)
FN:121,(anonymous_14)
FN:133,(anonymous_15)
FN:136,(anonymous_16)
FN:148,(anonymous_17)
FNF:14
FNH:0
FNDA:0,(anonymous_4)
FNDA:0,(anonymous_5)
FNDA:0,(anonymous_6)
FNDA:0,(anonymous_7)
FNDA:0,(anonymous_8)
FNDA:0,(anonymous_9)
FNDA:0,(anonymous_10)
FNDA:0,(anonymous_11)
FNDA:0,(anonymous_12)
FNDA:0,(anonymous_13)
FNDA:0,(anonymous_14)
FNDA:0,(anonymous_15)
FNDA:0,(anonymous_16)
FNDA:0,(anonymous_17)
DA:1,0
DA:2,0
DA:3,0
DA:4,0
DA:5,0
DA:9,0
DA:10,0
DA:13,0
DA:14,0
DA:15,0
DA:17,0
DA:21,0
DA:22,0
DA:23,0
DA:27,0
DA:32,0
DA:36,0
DA:43,0
DA:49,0
DA:50,0
DA:52,0
DA:53,0
DA:55,0
DA:61,0
DA:62,0
DA:63,0
DA:65,0
DA:66,0
DA:68,0
DA:72,0
DA:78,0
DA:79,0
DA:81,0
DA:82,0
DA:84,0
DA:89,0
DA:94,0
DA:98,0
DA:99,0
DA:100,0
DA:102,0
DA:103,0
DA:105,0
DA:109,0
DA:110,0
DA:111,0
DA:113,0
DA:114,0
DA:116,0
DA:121,0
DA:126,0
DA:132,0
DA:133,0
DA:136,0
DA:137,0
DA:138,0
DA:140,0
DA:141,0
DA:143,0
DA:148,0
DA:149,0
LF:61
LH:0
BRDA:14,0,0,0
BRDA:14,0,1,0
BRDA:23,1,0,0
BRDA:23,1,1,0
BRDA:50,2,0,0
BRDA:50,2,1,0
BRDA:52,3,0,0
BRDA:52,3,1,0
BRDA:52,4,0,0
BRDA:52,4,1,0
BRDA:63,5,0,0
BRDA:63,5,1,0
BRDA:65,6,0,0
BRDA:65,6,1,0
BRDA:65,7,0,0
BRDA:65,7,1,0
BRDA:79,8,0,0
BRDA:79,8,1,0
BRDA:81,9,0,0
BRDA:81,9,1,0
BRDA:81,10,0,0
BRDA:81,10,1,0
BRDA:100,11,0,0
BRDA:100,11,1,0
BRDA:102,12,0,0
BRDA:102,12,1,0
BRDA:102,13,0,0
BRDA:102,13,1,0
BRDA:111,14,0,0
BRDA:111,14,1,0
BRDA:113,15,0,0
BRDA:113,15,1,0
BRDA:113,16,0,0
BRDA:113,16,1,0
BRDA:138,17,0,0
BRDA:138,17,1,0
BRDA:140,18,0,0
BRDA:140,18,1,0
BRDA:140,19,0,0
BRDA:140,19,1,0
BRF:40
BRH:0
end_of_record
TN:
SF:src/forms/forms.service.ts
FN:6,(anonymous_2)
FN:8,(anonymous_3)
FN:13,(anonymous_4)
FN:16,(anonymous_5)
FN:21,(anonymous_6)
FN:24,(anonymous_7)
FN:32,(anonymous_8)
FN:58,(anonymous_9)
FN:96,(anonymous_10)
FN:102,(anonymous_11)
FN:118,(anonymous_12)
FN:134,(anonymous_13)
FN:190,(anonymous_14)
FN:200,(anonymous_15)
FN:206,(anonymous_16)
FN:209,(anonymous_17)
FN:220,(anonymous_18)
FNF:17
FNH:15
FNDA:27,(anonymous_2)
FNDA:2,(anonymous_3)
FNDA:2,(anonymous_4)
FNDA:0,(anonymous_5)
FNDA:0,(anonymous_6)
FNDA:2,(anonymous_7)
FNDA:3,(anonymous_8)
FNDA:4,(anonymous_9)
FNDA:1,(anonymous_10)
FNDA:2,(anonymous_11)
FNDA:4,(anonymous_12)
FNDA:3,(anonymous_13)
FNDA:1,(anonymous_14)
FNDA:1,(anonymous_15)
FNDA:1,(anonymous_16)
FNDA:2,(anonymous_17)
FNDA:2,(anonymous_18)
DA:1,2
DA:2,2
DA:5,2
DA:6,27
DA:9,2
DA:13,2
DA:17,0
DA:21,0
DA:25,2
DA:26,2
DA:27,1
DA:29,1
DA:33,3
DA:45,3
DA:55,3
DA:60,4
DA:61,4
DA:62,1
DA:67,3
DA:83,3
DA:84,3
DA:85,3
DA:86,2
DA:88,3
DA:89,1
DA:92,3
DA:93,3
DA:97,1
DA:103,2
DA:115,2
DA:119,4
DA:125,4
DA:126,2
DA:131,2
DA:136,3
DA:142,3
DA:143,1
DA:147,2
DA:148,2
DA:149,0
DA:153,2
DA:154,2
DA:165,2
DA:176,2
DA:185,2
DA:191,1
DA:201,1
DA:206,1
DA:210,2
DA:214,2
DA:215,1
DA:217,1
DA:221,2
LF:53
LH:50
BRDA:13,0,0,0
BRDA:13,0,1,2
BRDA:21,1,0,0
BRDA:21,1,1,0
BRDA:26,2,0,1
BRDA:26,2,1,1
BRDA:27,3,0,0
BRDA:27,3,1,1
BRDA:38,4,0,1
BRDA:38,4,1,2
BRDA:55,5,0,1
BRDA:55,5,1,2
BRDA:61,6,0,1
BRDA:61,6,1,3
BRDA:85,7,0,2
BRDA:85,7,1,1
BRDA:88,8,0,1
BRDA:88,8,1,2
BRDA:93,9,0,1
BRDA:93,9,1,2
BRDA:125,10,0,2
BRDA:125,10,1,2
BRDA:142,11,0,1
BRDA:142,11,1,2
BRDA:148,12,0,0
BRDA:148,12,1,2
BRDA:185,13,0,0
BRDA:185,13,1,2
BRDA:214,14,0,1
BRDA:214,14,1,1
BRF:30
BRH:24
end_of_record
TN:
SF:src/notifications/email.service.ts
FN:26,(anonymous_11)
FN:30,(anonymous_12)
FN:56,(anonymous_13)
FN:81,(anonymous_14)
FN:117,(anonymous_15)
FN:142,(anonymous_16)
FNF:6
FNH:0
FNDA:0,(anonymous_11)
FNDA:0,(anonymous_12)
FNDA:0,(anonymous_13)
FNDA:0,(anonymous_14)
FNDA:0,(anonymous_15)
FNDA:0,(anonymous_16)
DA:1,1
DA:2,1
DA:3,1
DA:22,1
DA:23,0
DA:24,0
DA:26,0
DA:27,0
DA:31,0
DA:33,0
DA:34,0
DA:35,0
DA:38,0
DA:39,0
DA:40,0
DA:43,0
DA:53,0
DA:57,0
DA:59,0
DA:60,0
DA:61,0
DA:64,0
DA:65,0
DA:73,0
DA:74,0
DA:76,0
DA:77,0
DA:82,0
DA:88,0
DA:94,0
DA:110,0
DA:118,0
DA:120,0
DA:135,0
DA:143,0
DA:161,0
LF:36
LH:4
BRDA:33,0,0,0
BRDA:33,0,1,0
BRDA:38,1,0,0
BRDA:38,1,1,0
BRDA:59,2,0,0
BRDA:59,2,1,0
BRDA:59,3,0,0
BRDA:59,3,1,0
BRDA:70,4,0,0
BRDA:70,4,1,0
BRDA:101,5,0,0
BRDA:101,5,1,0
BRDA:102,6,0,0
BRDA:102,6,1,0
BRDA:118,7,0,0
BRDA:118,7,1,0
BRDA:155,8,0,0
BRDA:155,8,1,0
BRF:18
BRH:0
end_of_record
TN:
SF:src/notifications/notifications.controller.ts
FN:8,(anonymous_4)
FN:11,(anonymous_5)
FN:16,(anonymous_6)
FN:22,(anonymous_7)
FN:27,(anonymous_8)
FN:32,(anonymous_9)
FNF:6
FNH:0
FNDA:0,(anonymous_4)
FNDA:0,(anonymous_5)
FNDA:0,(anonymous_6)
FNDA:0,(anonymous_7)
FNDA:0,(anonymous_8)
FNDA:0,(anonymous_9)
DA:1,0
DA:2,0
DA:3,0
DA:7,0
DA:8,0
DA:11,0
DA:12,0
DA:16,0
DA:17,0
DA:18,0
DA:22,0
DA:23,0
DA:27,0
DA:28,0
DA:32,0
DA:33,0
LF:16
LH:0
BRF:0
BRH:0
end_of_record
TN:
SF:src/notifications/notifications.gateway.ts
FN:32,(anonymous_4)
FN:34,(anonymous_5)
FN:69,(anonymous_6)
FN:77,(anonymous_7)
FN:85,(anonymous_8)
FN:92,(anonymous_9)
FN:99,(anonymous_10)
FN:107,(anonymous_11)
FN:128,(anonymous_12)
FN:137,(anonymous_13)
FN:146,(anonymous_14)
FNF:11
FNH:7
FNDA:6,(anonymous_4)
FNDA:0,(anonymous_5)
FNDA:0,(anonymous_6)
FNDA:3,(anonymous_7)
FNDA:1,(anonymous_8)
FNDA:1,(anonymous_9)
FNDA:1,(anonymous_10)
FNDA:2,(anonymous_11)
FNDA:0,(anonymous_12)
FNDA:0,(anonymous_13)
FNDA:1,(anonymous_14)
DA:7,1
DA:16,1
DA:17,1
DA:18,1
DA:26,1
DA:28,1
DA:30,6
DA:32,6
DA:35,0
DA:37,0
DA:40,0
DA:41,0
DA:42,0
DA:43,0
DA:47,0
DA:48,0
DA:50,0
DA:51,0
DA:52,0
DA:53,0
DA:57,0
DA:60,0
DA:62,0
DA:64,0
DA:65,0
DA:70,0
DA:71,0
DA:78,3
DA:79,3
DA:86,1
DA:93,1
DA:100,1
DA:107,1
DA:108,2
DA:109,2
DA:110,1
DA:112,1
DA:113,1
DA:114,1
DA:115,1
DA:118,0
DA:120,1
DA:128,1
DA:129,0
DA:130,0
DA:137,1
DA:138,0
DA:139,0
DA:146,1
DA:147,1
LF:50
LH:26
BRDA:37,0,0,0
BRDA:37,0,1,0
BRDA:40,1,0,0
BRDA:40,1,1,0
BRDA:48,2,0,0
BRDA:48,2,1,0
BRDA:50,3,0,0
BRDA:50,3,1,0
BRDA:110,4,0,1
BRDA:110,4,1,0
BRDA:112,5,0,1
BRDA:112,5,1,0
BRF:12
BRH:2
end_of_record
TN:
SF:src/notifications/notifications.service.ts
FN:6,(anonymous_2)
FN:8,(anonymous_3)
FN:14,(anonymous_4)
FN:19,(anonymous_5)
FN:25,(anonymous_6)
FN:32,(anonymous_7)
FN:39,(anonymous_8)
FN:45,(anonymous_9)
FN:50,(anonymous_10)
FN:60,(anonymous_11)
FN:70,(anonymous_12)
FN:80,(anonymous_13)
FN:90,(anonymous_14)
FNF:13
FNH:0
FNDA:0,(anonymous_2)
FNDA:0,(anonymous_3)
FNDA:0,(anonymous_4)
FNDA:0,(anonymous_5)
FNDA:0,(anonymous_6)
FNDA:0,(anonymous_7)
FNDA:0,(anonymous_8)
FNDA:0,(anonymous_9)
FNDA:0,(anonymous_10)
FNDA:0,(anonymous_11)
FNDA:0,(anonymous_12)
FNDA:0,(anonymous_13)
FNDA:0,(anonymous_14)
DA:1,0
DA:2,0
DA:5,0
DA:6,0
DA:9,0
DA:15,0
DA:19,0
DA:26,0
DA:33,0
DA:40,0
DA:46,0
DA:51,0
DA:61,0
DA:71,0
DA:81,0
DA:91,0
LF:16
LH:0
BRDA:10,0,0,0
BRDA:10,0,1,0
BRDA:21,1,0,0
BRDA:21,1,1,0
BRDA:95,2,0,0
BRDA:95,2,1,0
BRF:6
BRH:0
end_of_record
TN:
SF:src/rbac/rbac.controller.ts
FN:11,(anonymous_4)
FN:20,(anonymous_5)
FN:28,(anonymous_6)
FN:34,(anonymous_7)
FN:44,(anonymous_8)
FN:54,(anonymous_9)
FN:62,(anonymous_10)
FN:69,(anonymous_11)
FNF:8
FNH:0
FNDA:0,(anonymous_4)
FNDA:0,(anonymous_5)
FNDA:0,(anonymous_6)
FNDA:0,(anonymous_7)
FNDA:0,(anonymous_8)
FNDA:0,(anonymous_9)
FNDA:0,(anonymous_10)
FNDA:0,(anonymous_11)
DA:1,0
DA:2,0
DA:3,0
DA:4,0
DA:5,0
DA:6,0
DA:10,0
DA:12,0
DA:13,0
DA:20,0
DA:21,0
DA:28,0
DA:29,0
DA:34,0
DA:37,0
DA:44,0
DA:45,0
DA:46,0
DA:54,0
DA:57,0
DA:62,0
DA:63,0
DA:69,0
DA:70,0
LF:24
LH:0
BRDA:45,0,0,0
BRDA:45,0,1,0
BRDA:57,1,0,0
BRDA:57,1,1,0
BRF:4
BRH:0
end_of_record
TN:
SF:src/rbac/rbac.service.ts
FN:11,(anonymous_2)
FN:17,(anonymous_3)
FN:92,(anonymous_4)
FN:105,(anonymous_5)
FN:114,(anonymous_6)
FN:123,(anonymous_7)
FN:124,(anonymous_8)
FN:133,(anonymous_9)
FN:152,(anonymous_10)
FN:168,(anonymous_11)
FN:178,(anonymous_12)
FN:193,(anonymous_13)
FN:206,(anonymous_14)
FN:208,(anonymous_15)
FNF:14
FNH:0
FNDA:0,(anonymous_2)
FNDA:0,(anonymous_3)
FNDA:0,(anonymous_4)
FNDA:0,(anonymous_5)
FNDA:0,(anonymous_6)
FNDA:0,(anonymous_7)
FNDA:0,(anonymous_8)
FNDA:0,(anonymous_9)
FNDA:0,(anonymous_10)
FNDA:0,(anonymous_11)
FNDA:0,(anonymous_12)
FNDA:0,(anonymous_13)
FNDA:0,(anonymous_14)
FNDA:0,(anonymous_15)
DA:1,0
DA:2,0
DA:10,0
DA:11,0
DA:24,0
DA:29,0
DA:30,0
DA:34,0
DA:35,0
DA:39,0
DA:52,0
DA:53,0
DA:56,0
DA:61,0
DA:62,0
DA:66,0
DA:67,0
DA:81,0
DA:82,0
DA:86,0
DA:93,0
DA:98,0
DA:100,0
DA:103,0
DA:104,0
DA:105,0
DA:109,0
DA:110,0
DA:114,0
DA:118,0
DA:123,0
DA:124,0
DA:127,0
DA:139,0
DA:153,0
DA:169,0
DA:179,0
DA:187,0
DA:188,0
DA:192,0
DA:193,0
DA:200,0
DA:207,0
DA:208,0
DA:209,0
DA:210,0
DA:211,0
LF:47
LH:0
BRDA:20,0,0,0
BRDA:29,1,0,0
BRDA:29,1,1,0
BRDA:34,2,0,0
BRDA:34,2,1,0
BRDA:34,3,0,0
BRDA:34,3,1,0
BRDA:52,4,0,0
BRDA:52,4,1,0
BRDA:52,5,0,0
BRDA:52,5,1,0
BRDA:61,6,0,0
BRDA:61,6,1,0
BRDA:66,7,0,0
BRDA:66,7,1,0
BRDA:81,8,0,0
BRDA:81,8,1,0
BRDA:98,9,0,0
BRDA:98,9,1,0
BRDA:103,10,0,0
BRDA:103,10,1,0
BRDA:103,11,0,0
BRDA:103,11,1,0
BRDA:109,12,0,0
BRDA:109,12,1,0
BRDA:136,13,0,0
BRDA:158,14,0,0
BRDA:158,14,1,0
BRDA:159,15,0,0
BRDA:159,15,1,0
BRDA:170,16,0,0
BRDA:170,16,1,0
BRDA:187,17,0,0
BRDA:187,17,1,0
BRDA:187,18,0,0
BRDA:187,18,1,0
BRDA:209,19,0,0
BRDA:209,19,1,0
BRF:38
BRH:0
end_of_record
TN:
SF:src/users/users.controller.ts
FN:10,(anonymous_4)
FN:14,(anonymous_5)
FN:24,(anonymous_6)
FN:31,(anonymous_7)
FN:37,(anonymous_8)
FN:47,(anonymous_9)
FN:53,(anonymous_10)
FN:72,(anonymous_11)
FNF:8
FNH:0
FNDA:0,(anonymous_4)
FNDA:0,(anonymous_5)
FNDA:0,(anonymous_6)
FNDA:0,(anonymous_7)
FNDA:0,(anonymous_8)
FNDA:0,(anonymous_9)
FNDA:0,(anonymous_10)
FNDA:0,(anonymous_11)
DA:1,0
DA:2,0
DA:3,0
DA:4,0
DA:5,0
DA:9,0
DA:10,0
DA:14,0
DA:15,0
DA:16,0
DA:17,0
DA:19,0
DA:24,0
DA:25,0
DA:26,0
DA:31,0
DA:32,0
DA:37,0
DA:39,0
DA:40,0
DA:42,0
DA:47,0
DA:48,0
DA:53,0
DA:60,0
DA:61,0
DA:64,0
DA:65,0
DA:67,0
DA:72,0
DA:73,0
LF:31
LH:0
BRDA:16,0,0,0
BRDA:16,0,1,0
BRDA:25,1,0,0
BRDA:25,1,1,0
BRDA:39,2,0,0
BRDA:39,2,1,0
BRDA:39,3,0,0
BRDA:39,3,1,0
BRDA:60,4,0,0
BRDA:60,4,1,0
BRDA:60,5,0,0
BRDA:60,5,1,0
BRDA:64,6,0,0
BRDA:64,6,1,0
BRDA:64,7,0,0
BRDA:64,7,1,0
BRDA:64,7,2,0
BRF:17
BRH:0
end_of_record
TN:
SF:src/users/users.service.ts
FN:6,(anonymous_2)
FN:8,(anonymous_3)
FN:12,(anonymous_4)
FN:16,(anonymous_5)
FN:20,(anonymous_6)
FN:26,(anonymous_7)
FN:39,(anonymous_8)
FN:43,(anonymous_9)
FN:47,(anonymous_10)
FNF:9
FNH:0
FNDA:0,(anonymous_2)
FNDA:0,(anonymous_3)
FNDA:0,(anonymous_4)
FNDA:0,(anonymous_5)
FNDA:0,(anonymous_6)
FNDA:0,(anonymous_7)
FNDA:0,(anonymous_8)
FNDA:0,(anonymous_9)
FNDA:0,(anonymous_10)
DA:1,0
DA:2,0
DA:5,0
DA:6,0
DA:9,0
DA:13,0
DA:17,0
DA:21,0
DA:27,0
DA:40,0
DA:44,0
DA:48,0
LF:12
LH:0
BRDA:26,0,0,0
BRF:1
BRH:0
end_of_record
TN:
SF:src/workflows/workflow-engine.controller.ts
FN:14,(anonymous_4)
FN:20,(anonymous_5)
FN:33,(anonymous_6)
FN:41,(anonymous_7)
FN:49,(anonymous_8)
FN:57,(anonymous_9)
FN:77,(anonymous_10)
FNF:7
FNH:0
FNDA:0,(anonymous_4)
FNDA:0,(anonymous_5)
FNDA:0,(anonymous_6)
FNDA:0,(anonymous_7)
FNDA:0,(anonymous_8)
FNDA:0,(anonymous_9)
FNDA:0,(anonymous_10)
DA:7,0
DA:8,0
DA:9,0
DA:13,0
DA:14,0
DA:20,0
DA:25,0
DA:26,0
DA:33,0
DA:34,0
DA:41,0
DA:42,0
DA:49,0
DA:50,0
DA:57,0
DA:62,0
DA:63,0
DA:66,0
DA:67,0
DA:70,0
DA:77,0
DA:78,0
DA:79,0
DA:80,0
DA:85,0
LF:25
LH:0
BRDA:62,0,0,0
BRDA:62,0,1,0
BRDA:62,1,0,0
BRDA:62,1,1,0
BRDA:66,2,0,0
BRDA:66,2,1,0
BRDA:67,3,0,0
BRDA:67,3,1,0
BRDA:79,4,0,0
BRDA:79,4,1,0
BRF:10
BRH:0
end_of_record
TN:
SF:src/workflows/workflow-engine.service.ts
FN:45,(anonymous_2)
FN:50,(anonymous_3)
FN:62,(anonymous_4)
FN:74,(anonymous_5)
FN:82,(anonymous_6)
FN:90,(anonymous_7)
FN:98,(anonymous_8)
FN:106,(anonymous_9)
FN:135,(anonymous_10)
FN:137,(anonymous_11)
FN:144,(anonymous_12)
FN:145,(anonymous_13)
FN:156,(anonymous_14)
FN:157,(anonymous_15)
FN:176,(anonymous_16)
FN:187,(anonymous_17)
FN:290,(anonymous_18)
FN:296,(anonymous_19)
FN:343,(anonymous_20)
FN:348,(anonymous_21)
FN:397,(anonymous_22)
FN:428,(anonymous_23)
FN:494,(anonymous_24)
FN:497,(anonymous_25)
FN:498,(anonymous_26)
FN:519,(anonymous_27)
FN:532,(anonymous_28)
FN:545,(anonymous_29)
FN:551,(anonymous_30)
FN:582,(anonymous_31)
FN:594,(anonymous_32)
FN:634,(anonymous_33)
FN:641,(anonymous_34)
FN:679,(anonymous_35)
FN:688,(anonymous_36)
FNF:35
FNH:23
FNDA:20,(anonymous_2)
FNDA:9,(anonymous_3)
FNDA:13,(anonymous_4)
FNDA:9,(anonymous_5)
FNDA:0,(anonymous_6)
FNDA:13,(anonymous_7)
FNDA:24,(anonymous_8)
FNDA:29,(anonymous_9)
FNDA:22,(anonymous_10)
FNDA:5,(anonymous_11)
FNDA:7,(anonymous_12)
FNDA:25,(anonymous_13)
FNDA:2,(anonymous_14)
FNDA:4,(anonymous_15)
FNDA:3,(anonymous_16)
FNDA:3,(anonymous_17)
FNDA:0,(anonymous_18)
FNDA:0,(anonymous_19)
FNDA:0,(anonymous_20)
FNDA:0,(anonymous_21)
FNDA:0,(anonymous_22)
FNDA:0,(anonymous_23)
FNDA:3,(anonymous_24)
FNDA:5,(anonymous_25)
FNDA:8,(anonymous_26)
FNDA:3,(anonymous_27)
FNDA:0,(anonymous_28)
FNDA:0,(anonymous_29)
FNDA:0,(anonymous_30)
FNDA:3,(anonymous_31)
FNDA:5,(anonymous_32)
FNDA:1,(anonymous_33)
FNDA:2,(anonymous_34)
FNDA:0,(anonymous_35)
FNDA:0,(anonymous_36)
DA:12,1
DA:13,1
DA:44,1
DA:45,20
DA:51,9
DA:52,9
DA:63,13
DA:64,12
DA:75,9
DA:76,9
DA:83,0
DA:84,0
DA:91,13
DA:92,13
DA:99,24
DA:100,1
DA:103,23
DA:104,23
DA:106,23
DA:107,29
DA:108,29
DA:110,29
DA:112,10
DA:114,2
DA:116,2
DA:118,8
DA:120,2
DA:122,0
DA:124,0
DA:126,3
DA:128,2
DA:130,0
DA:134,23
DA:135,22
DA:137,5
DA:145,25
DA:147,7
DA:148,1
DA:152,6
DA:153,2
DA:156,2
DA:157,4
DA:159,2
DA:160,1
DA:161,1
DA:162,1
DA:166,0
DA:170,4
DA:177,3
DA:178,3
DA:179,1
DA:182,2
DA:183,2
DA:184,0
DA:187,3
DA:188,2
DA:189,0
DA:192,2
DA:193,2
DA:196,2
DA:199,1
DA:203,0
DA:204,0
DA:208,0
DA:220,1
DA:232,0
DA:236,0
DA:237,0
DA:239,0
DA:247,0
DA:248,0
DA:249,0
DA:252,0
DA:253,0
DA:257,0
DA:258,0
DA:262,0
DA:263,0
DA:267,0
DA:268,0
DA:272,0
DA:276,1
DA:278,1
DA:279,0
DA:280,0
DA:283,1
DA:284,1
DA:291,0
DA:292,0
DA:295,0
DA:296,0
DA:298,0
DA:299,0
DA:303,0
DA:313,0
DA:314,0
DA:315,0
DA:316,0
DA:317,0
DA:322,0
DA:323,0
DA:325,0
DA:333,0
DA:334,0
DA:337,0
DA:344,0
DA:347,0
DA:348,0
DA:349,0
DA:352,0
DA:354,0
DA:356,0
DA:364,0
DA:365,0
DA:366,0
DA:369,0
DA:370,0
DA:375,0
DA:377,0
DA:385,0
DA:386,0
DA:387,0
DA:390,0
DA:391,0
DA:398,0
DA:399,0
DA:400,0
DA:401,0
DA:405,0
DA:407,0
DA:408,0
DA:409,0
DA:410,0
DA:411,0
DA:412,0
DA:416,0
DA:417,0
DA:421,0
DA:422,0
DA:424,0
DA:425,0
DA:428,0
DA:430,0
DA:449,0
DA:461,0
DA:463,0
DA:465,0
DA:466,0
DA:467,0
DA:470,0
DA:471,0
DA:475,0
DA:480,0
DA:495,3
DA:496,3
DA:497,5
DA:498,8
DA:500,3
DA:507,3
DA:520,3
DA:521,3
DA:533,0
DA:546,0
DA:547,0
DA:548,0
DA:551,0
DA:553,0
DA:571,0
DA:572,0
DA:573,0
DA:576,0
DA:588,3
DA:589,3
DA:590,0
DA:593,3
DA:594,5
DA:596,3
DA:597,1
DA:601,2
DA:610,2
DA:612,1
DA:616,1
DA:620,1
DA:622,1
DA:623,0
DA:624,0
DA:627,1
DA:628,1
DA:635,1
DA:636,1
DA:637,0
DA:640,1
DA:641,2
DA:643,1
DA:644,0
DA:648,1
DA:650,1
DA:656,1
DA:665,1
DA:667,1
DA:668,0
DA:669,0
DA:672,1
DA:673,1
DA:680,0
DA:681,0
DA:683,0
DA:684,0
DA:687,0
DA:688,0
DA:690,0
DA:692,0
DA:694,0
DA:696,0
DA:697,0
DA:698,0
DA:700,0
DA:701,0
DA:703,0
DA:704,0
DA:707,0
LF:221
LH:92
BRDA:51,0,0,0
BRDA:51,0,1,9
BRDA:54,1,0,0
BRDA:54,1,1,9
BRDA:55,2,0,0
BRDA:55,2,1,9
BRDA:63,3,0,1
BRDA:63,3,1,12
BRDA:66,4,0,0
BRDA:66,4,1,12
BRDA:67,5,0,0
BRDA:67,5,1,12
BRDA:99,6,0,1
BRDA:99,6,1,23
BRDA:99,7,0,24
BRDA:99,7,1,24
BRDA:104,8,0,23
BRDA:104,8,1,2
BRDA:110,9,0,10
BRDA:110,9,1,2
BRDA:110,9,2,2
BRDA:110,9,3,8
BRDA:110,9,4,2
BRDA:110,9,5,0
BRDA:110,9,6,0
BRDA:110,9,7,3
BRDA:110,9,8,2
BRDA:110,9,9,0
BRDA:126,10,0,3
BRDA:126,10,1,2
BRDA:126,10,2,2
BRDA:128,11,0,2
BRDA:128,11,1,2
BRDA:128,11,2,2
BRDA:134,12,0,20
BRDA:134,12,1,3
BRDA:147,13,0,1
BRDA:147,13,1,6
BRDA:152,14,0,2
BRDA:152,14,1,4
BRDA:153,15,0,2
BRDA:153,15,1,0
BRDA:156,16,0,2
BRDA:156,16,1,0
BRDA:157,17,0,4
BRDA:157,17,1,2
BRDA:159,18,0,1
BRDA:159,18,1,1
BRDA:159,19,0,2
BRDA:159,19,1,1
BRDA:161,20,0,1
BRDA:161,20,1,0
BRDA:161,21,0,1
BRDA:161,21,1,1
BRDA:166,22,0,0
BRDA:166,22,1,0
BRDA:170,23,0,4
BRDA:170,23,1,0
BRDA:178,24,0,1
BRDA:178,24,1,2
BRDA:183,25,0,0
BRDA:183,25,1,2
BRDA:188,26,0,0
BRDA:188,26,1,2
BRDA:193,27,0,2
BRDA:193,27,1,0
BRDA:196,28,0,1
BRDA:196,28,1,0
BRDA:196,28,2,0
BRDA:196,28,3,1
BRDA:196,28,4,0
BRDA:196,28,5,0
BRDA:196,28,6,0
BRDA:196,28,7,0
BRDA:196,28,8,0
BRDA:196,28,9,0
BRDA:214,29,0,0
BRDA:214,29,1,0
BRDA:226,30,0,1
BRDA:226,30,1,0
BRDA:247,31,0,0
BRDA:247,31,1,0
BRDA:278,32,0,0
BRDA:278,32,1,1
BRDA:291,33,0,0
BRDA:291,33,1,0
BRDA:292,34,0,0
BRDA:292,34,1,0
BRDA:298,35,0,0
BRDA:298,35,1,0
BRDA:313,36,0,0
BRDA:313,36,1,0
BRDA:315,37,0,0
BRDA:315,37,1,0
BRDA:323,38,0,0
BRDA:323,38,1,0
BRDA:344,39,0,0
BRDA:344,39,1,0
BRDA:347,40,0,0
BRDA:347,40,1,0
BRDA:349,41,0,0
BRDA:349,41,1,0
BRDA:352,42,0,0
BRDA:352,42,1,0
BRDA:354,43,0,0
BRDA:354,43,1,0
BRDA:364,44,0,0
BRDA:364,44,1,0
BRDA:375,45,0,0
BRDA:375,45,1,0
BRDA:385,46,0,0
BRDA:385,46,1,0
BRDA:400,47,0,0
BRDA:400,47,1,0
BRDA:407,48,0,0
BRDA:407,48,1,0
BRDA:409,49,0,0
BRDA:409,49,1,0
BRDA:411,50,0,0
BRDA:411,50,1,0
BRDA:416,51,0,0
BRDA:416,51,1,0
BRDA:417,52,0,0
BRDA:417,52,1,0
BRDA:421,53,0,0
BRDA:421,53,1,0
BRDA:434,54,0,0
BRDA:434,54,1,0
BRDA:435,55,0,0
BRDA:435,55,1,0
BRDA:461,56,0,0
BRDA:461,56,1,0
BRDA:463,57,0,0
BRDA:463,57,1,0
BRDA:465,58,0,0
BRDA:465,58,1,0
BRDA:502,59,0,3
BRDA:502,59,1,0
BRDA:547,60,0,0
BRDA:547,60,1,0
BRDA:557,61,0,0
BRDA:557,61,1,0
BRDA:559,62,0,0
BRDA:559,62,1,0
BRDA:571,63,0,0
BRDA:571,63,1,0
BRDA:589,64,0,0
BRDA:589,64,1,3
BRDA:596,65,0,1
BRDA:596,65,1,2
BRDA:604,66,0,1
BRDA:604,66,1,1
BRDA:610,67,0,1
BRDA:610,67,1,1
BRDA:622,68,0,0
BRDA:622,68,1,1
BRDA:636,69,0,0
BRDA:636,69,1,1
BRDA:643,70,0,0
BRDA:643,70,1,1
BRDA:667,71,0,0
BRDA:667,71,1,1
BRDA:681,72,0,0
BRDA:681,72,1,0
BRDA:683,73,0,0
BRDA:683,73,1,0
BRDA:683,74,0,0
BRDA:683,74,1,0
BRDA:690,75,0,0
BRDA:690,75,1,0
BRDA:694,76,0,0
BRDA:694,76,1,0
BRDA:694,76,2,0
BRF:173
BRH:65
end_of_record
TN:
SF:src/workflows/workflows.controller.ts
FN:10,(anonymous_4)
FN:13,(anonymous_5)
FN:20,(anonymous_6)
FN:31,(anonymous_7)
FN:42,(anonymous_8)
FN:59,(anonymous_9)
FN:72,(anonymous_10)
FN:78,(anonymous_11)
FN:92,(anonymous_12)
FN:95,(anonymous_13)
FN:103,(anonymous_14)
FN:116,(anonymous_15)
FN:133,(anonymous_16)
FN:138,(anonymous_17)
FN:143,(anonymous_18)
FN:148,(anonymous_19)
FN:157,(anonymous_20)
FN:162,(anonymous_21)
FN:170,(anonymous_22)
FN:178,(anonymous_23)
FN:186,(anonymous_24)
FN:191,(anonymous_25)
FNF:22
FNH:0
FNDA:0,(anonymous_4)
FNDA:0,(anonymous_5)
FNDA:0,(anonymous_6)
FNDA:0,(anonymous_7)
FNDA:0,(anonymous_8)
FNDA:0,(anonymous_9)
FNDA:0,(anonymous_10)
FNDA:0,(anonymous_11)
FNDA:0,(anonymous_12)
FNDA:0,(anonymous_13)
FNDA:0,(anonymous_14)
FNDA:0,(anonymous_15)
FNDA:0,(anonymous_16)
FNDA:0,(anonymous_17)
FNDA:0,(anonymous_18)
FNDA:0,(anonymous_19)
FNDA:0,(anonymous_20)
FNDA:0,(anonymous_21)
FNDA:0,(anonymous_22)
FNDA:0,(anonymous_23)
FNDA:0,(anonymous_24)
FNDA:0,(anonymous_25)
DA:1,0
DA:2,0
DA:3,0
DA:4,0
DA:5,0
DA:9,0
DA:10,0
DA:13,0
DA:16,0
DA:20,0
DA:21,0
DA:22,0
DA:26,0
DA:31,0
DA:35,0
DA:42,0
DA:48,0
DA:49,0
DA:52,0
DA:53,0
DA:55,0
DA:59,0
DA:60,0
DA:61,0
DA:64,0
DA:65,0
DA:67,0
DA:72,0
DA:74,0
DA:78,0
DA:79,0
DA:80,0
DA:82,0
DA:83,0
DA:85,0
DA:91,0
DA:92,0
DA:95,0
DA:96,0
DA:97,0
DA:99,0
DA:103,0
DA:104,0
DA:105,0
DA:108,0
DA:109,0
DA:110,0
DA:112,0
DA:116,0
DA:122,0
DA:123,0
DA:126,0
DA:127,0
DA:129,0
DA:133,0
DA:134,0
DA:138,0
DA:139,0
DA:143,0
DA:144,0
DA:148,0
DA:153,0
DA:157,0
DA:158,0
DA:162,0
DA:166,0
DA:170,0
DA:174,0
DA:178,0
DA:182,0
DA:186,0
DA:187,0
DA:191,0
DA:192,0
LF:74
LH:0
BRDA:22,0,0,0
BRDA:22,0,1,0
BRDA:49,1,0,0
BRDA:49,1,1,0
BRDA:52,2,0,0
BRDA:52,2,1,0
BRDA:52,3,0,0
BRDA:52,3,1,0
BRDA:61,4,0,0
BRDA:61,4,1,0
BRDA:64,5,0,0
BRDA:64,5,1,0
BRDA:64,6,0,0
BRDA:64,6,1,0
BRDA:80,7,0,0
BRDA:80,7,1,0
BRDA:82,8,0,0
BRDA:82,8,1,0
BRDA:82,9,0,0
BRDA:82,9,1,0
BRDA:96,10,0,0
BRDA:96,10,1,0
BRDA:105,11,0,0
BRDA:105,11,1,0
BRDA:109,12,0,0
BRDA:109,12,1,0
BRDA:109,13,0,0
BRDA:109,13,1,0
BRDA:123,14,0,0
BRDA:123,14,1,0
BRDA:126,15,0,0
BRDA:126,15,1,0
BRF:32
BRH:0
end_of_record
TN:
SF:src/workflows/workflows.service.ts
FN:6,(anonymous_2)
FN:8,(anonymous_3)
FN:17,(anonymous_4)
FN:26,(anonymous_5)
FN:31,(anonymous_6)
FN:34,(anonymous_7)
FN:39,(anonymous_8)
FN:42,(anonymous_9)
FN:47,(anonymous_10)
FN:52,(anonymous_11)
FN:64,(anonymous_12)
FN:71,(anonymous_13)
FN:76,(anonymous_14)
FN:83,(anonymous_15)
FN:84,(anonymous_16)
FN:114,(anonymous_17)
FN:132,(anonymous_18)
FN:137,(anonymous_19)
FN:158,(anonymous_20)
FN:167,(anonymous_21)
FN:174,(anonymous_22)
FN:182,(anonymous_23)
FN:189,(anonymous_24)
FN:201,(anonymous_25)
FN:212,(anonymous_26)
FN:219,(anonymous_27)
FN:229,(anonymous_28)
FN:236,(anonymous_29)
FN:255,(anonymous_30)
FN:263,(anonymous_31)
FN:350,(anonymous_32)
FN:373,(anonymous_33)
FN:384,(anonymous_34)
FN:395,(anonymous_35)
FN:401,(anonymous_36)
FN:438,(anonymous_37)
FN:442,(anonymous_38)
FN:446,(anonymous_39)
FN:472,(anonymous_40)
FN:498,(anonymous_41)
FN:505,(anonymous_42)
FN:554,(anonymous_43)
FNF:42
FNH:30
FNDA:29,(anonymous_2)
FNDA:17,(anonymous_3)
FNDA:26,(anonymous_4)
FNDA:2,(anonymous_5)
FNDA:2,(anonymous_6)
FNDA:0,(anonymous_7)
FNDA:0,(anonymous_8)
FNDA:14,(anonymous_9)
FNDA:0,(anonymous_10)
FNDA:2,(anonymous_11)
FNDA:2,(anonymous_12)
FNDA:1,(anonymous_13)
FNDA:3,(anonymous_14)
FNDA:2,(anonymous_15)
FNDA:2,(anonymous_16)
FNDA:0,(anonymous_17)
FNDA:12,(anonymous_18)
FNDA:0,(anonymous_19)
FNDA:0,(anonymous_20)
FNDA:0,(anonymous_21)
FNDA:1,(anonymous_22)
FNDA:1,(anonymous_23)
FNDA:0,(anonymous_24)
FNDA:0,(anonymous_25)
FNDA:0,(anonymous_26)
FNDA:0,(anonymous_27)
FNDA:0,(anonymous_28)
FNDA:4,(anonymous_29)
FNDA:4,(anonymous_30)
FNDA:14,(anonymous_31)
FNDA:2,(anonymous_32)
FNDA:1,(anonymous_33)
FNDA:1,(anonymous_34)
FNDA:3,(anonymous_35)
FNDA:2,(anonymous_36)
FNDA:1,(anonymous_37)
FNDA:2,(anonymous_38)
FNDA:2,(anonymous_39)
FNDA:3,(anonymous_40)
FNDA:4,(anonymous_41)
FNDA:2,(anonymous_42)
FNDA:1,(anonymous_43)
DA:1,3
DA:2,3
DA:5,3
DA:6,29
DA:9,17
DA:10,14
DA:18,26
DA:19,24
DA:27,2
DA:31,2
DA:35,0
DA:39,0
DA:43,14
DA:44,14
DA:48,0
DA:49,0
DA:53,2
DA:65,2
DA:66,2
DA:67,2
DA:68,2
DA:72,1
DA:77,3
DA:78,3
DA:79,1
DA:82,2
DA:83,2
DA:84,2
DA:87,2
DA:88,2
DA:94,2
DA:106,2
DA:108,2
DA:109,0
DA:111,2
DA:115,0
DA:122,0
DA:123,0
DA:129,0
DA:133,12
DA:134,12
DA:138,0
DA:139,0
DA:140,0
DA:143,0
DA:144,0
DA:145,0
DA:146,0
DA:147,0
DA:148,0
DA:150,0
DA:155,0
DA:159,0
DA:167,0
DA:175,1
DA:182,1
DA:191,0
DA:201,0
DA:203,0
DA:212,0
DA:220,0
DA:229,0
DA:237,4
DA:238,4
DA:239,1
DA:243,3
DA:244,3
DA:245,0
DA:246,3
DA:247,3
DA:250,3
DA:251,3
DA:252,0
DA:255,4
DA:256,3
DA:257,3
DA:258,3
DA:261,3
DA:262,3
DA:263,14
DA:264,5
DA:265,5
DA:266,0
DA:269,5
DA:272,5
DA:273,2
DA:274,2
DA:275,2
DA:276,2
DA:277,2
DA:279,2
DA:281,2
DA:282,2
DA:283,2
DA:286,2
DA:292,2
DA:293,0
DA:296,2
DA:297,2
DA:298,2
DA:302,3
DA:304,3
DA:305,1
DA:306,2
DA:307,0
DA:308,2
DA:310,0
DA:311,0
DA:312,0
DA:313,0
DA:322,0
DA:327,3
DA:334,3
DA:335,3
DA:336,0
DA:339,3
DA:340,3
DA:345,3
DA:346,3
DA:351,2
DA:353,2
DA:355,0
DA:357,0
DA:359,2
DA:361,0
DA:363,0
DA:365,0
DA:367,0
DA:369,0
DA:374,1
DA:381,1
DA:385,1
DA:392,1
DA:396,3
DA:397,3
DA:398,1
DA:401,2
DA:404,2
DA:417,2
DA:418,2
DA:419,2
DA:425,2
DA:435,2
DA:439,1
DA:442,2
DA:447,2
DA:448,2
DA:449,1
DA:452,1
DA:453,1
DA:462,1
DA:469,1
DA:473,3
DA:474,3
DA:475,0
DA:478,3
DA:479,3
DA:480,0
DA:483,3
DA:484,3
DA:485,3
DA:487,3
DA:488,1
DA:492,2
DA:493,2
DA:497,2
DA:498,4
DA:501,2
DA:502,1
DA:505,2
DA:506,1
DA:507,1
DA:509,1
DA:510,1
DA:512,1
DA:513,1
DA:517,1
DA:518,1
DA:519,0
DA:520,1
DA:521,1
DA:524,1
DA:530,1
DA:540,1
DA:544,1
DA:551,1
DA:555,1
DA:556,1
DA:557,0
DA:560,1
DA:561,1
DA:562,1
DA:564,1
DA:565,0
DA:568,1
DA:571,1
DA:572,1
DA:573,0
DA:574,1
DA:575,1
DA:578,1
DA:584,1
DA:593,1
LF:203
LH:151
BRDA:9,0,0,3
BRDA:9,0,1,14
BRDA:12,1,0,0
BRDA:12,1,1,14
BRDA:13,2,0,0
BRDA:13,2,1,14
BRDA:18,3,0,2
BRDA:18,3,1,24
BRDA:21,4,0,4
BRDA:21,4,1,20
BRDA:22,5,0,0
BRDA:22,5,1,24
BRDA:56,6,0,2
BRDA:56,6,1,1
BRDA:57,7,0,2
BRDA:57,7,1,1
BRDA:58,8,0,2
BRDA:58,8,1,1
BRDA:66,9,0,1
BRDA:66,9,1,1
BRDA:66,10,0,1
BRDA:66,10,1,0
BRDA:67,11,0,1
BRDA:67,11,1,1
BRDA:67,12,0,1
BRDA:67,12,1,0
BRDA:78,13,0,1
BRDA:78,13,1,2
BRDA:88,14,0,2
BRDA:88,14,1,0
BRDA:90,15,0,2
BRDA:90,15,1,2
BRDA:98,16,0,2
BRDA:98,16,1,0
BRDA:98,16,2,0
BRDA:108,17,0,0
BRDA:108,17,1,2
BRDA:122,18,0,0
BRDA:122,18,1,0
BRDA:139,19,0,0
BRDA:139,19,1,0
BRDA:144,20,0,0
BRDA:144,20,1,0
BRDA:145,21,0,0
BRDA:145,21,1,0
BRDA:146,22,0,0
BRDA:146,22,1,0
BRDA:147,23,0,0
BRDA:147,23,1,0
BRDA:148,24,0,0
BRDA:148,24,1,0
BRDA:160,25,0,0
BRDA:160,25,1,0
BRDA:238,26,0,1
BRDA:238,26,1,3
BRDA:244,27,0,0
BRDA:244,27,1,3
BRDA:246,28,0,3
BRDA:246,28,1,0
BRDA:251,29,0,0
BRDA:251,29,1,3
BRDA:258,30,0,3
BRDA:258,30,1,0
BRDA:265,31,0,0
BRDA:265,31,1,5
BRDA:272,32,0,2
BRDA:272,32,1,3
BRDA:275,33,0,2
BRDA:275,33,1,0
BRDA:276,34,0,0
BRDA:276,34,1,2
BRDA:277,35,0,2
BRDA:277,35,1,0
BRDA:282,36,0,1
BRDA:282,36,1,1
BRDA:288,37,0,1
BRDA:288,37,1,1
BRDA:292,38,0,0
BRDA:292,38,1,2
BRDA:296,39,0,1
BRDA:296,39,1,1
BRDA:304,40,0,1
BRDA:304,40,1,2
BRDA:306,41,0,0
BRDA:306,41,1,2
BRDA:306,42,0,2
BRDA:306,42,1,0
BRDA:308,43,0,0
BRDA:308,43,1,2
BRDA:310,44,0,0
BRDA:310,44,1,0
BRDA:310,44,2,0
BRDA:311,45,0,0
BRDA:311,45,1,0
BRDA:312,46,0,0
BRDA:312,46,1,0
BRDA:314,47,0,0
BRDA:314,47,1,0
BRDA:334,48,0,3
BRDA:334,48,1,3
BRDA:335,49,0,0
BRDA:335,49,1,3
BRDA:335,50,0,3
BRDA:335,50,1,0
BRDA:345,51,0,3
BRDA:345,51,1,0
BRDA:351,52,0,0
BRDA:351,52,1,2
BRDA:351,53,0,2
BRDA:351,53,1,2
BRDA:353,54,0,0
BRDA:353,54,1,0
BRDA:353,54,2,2
BRDA:353,54,3,0
BRDA:353,54,4,0
BRDA:353,54,5,0
BRDA:353,54,6,0
BRDA:353,54,7,0
BRDA:397,55,0,1
BRDA:397,55,1,2
BRDA:408,56,0,2
BRDA:408,56,1,0
BRDA:411,57,0,2
BRDA:411,57,1,0
BRDA:411,58,0,2
BRDA:411,58,1,2
BRDA:418,59,0,2
BRDA:418,59,1,0
BRDA:448,60,0,1
BRDA:448,60,1,1
BRDA:452,61,0,1
BRDA:452,61,1,0
BRDA:474,62,0,0
BRDA:474,62,1,3
BRDA:479,63,0,0
BRDA:479,63,1,3
BRDA:483,64,0,3
BRDA:483,64,1,0
BRDA:484,65,0,3
BRDA:484,65,1,1
BRDA:487,66,0,1
BRDA:487,66,1,2
BRDA:492,67,0,2
BRDA:492,67,1,0
BRDA:501,68,0,1
BRDA:501,68,1,1
BRDA:512,69,0,1
BRDA:512,69,1,0
BRDA:518,70,0,0
BRDA:518,70,1,1
BRDA:520,71,0,1
BRDA:520,71,1,0
BRDA:556,72,0,0
BRDA:556,72,1,1
BRDA:560,73,0,1
BRDA:560,73,1,0
BRDA:561,74,0,1
BRDA:561,74,1,0
BRDA:564,75,0,0
BRDA:564,75,1,1
BRDA:572,76,0,0
BRDA:572,76,1,1
BRDA:574,77,0,1
BRDA:574,77,1,0
BRF:164
BRH:90
end_of_record
